
/home/runner/work/exp-curved-surface-parabola-iitb/exp-curved-surface-parabola-iitb/experiment/simulation/common_libraries/js/ts_components/collapse_step.js
   1:10  warning  'show_step' is defined but never used                 no-unused-vars
   2:5   warning  '$' is not defined                                    no-undef
   3:9   warning  '$' is not defined                                    no-undef
   6:10  warning  'hide_step' is defined but never used                 no-unused-vars
   7:5   warning  '$' is not defined                                    no-undef
   8:9   warning  '$' is not defined                                    no-undef
  11:10  warning  'get_collapse_btn_text' is defined but never used     no-unused-vars
  20:10  warning  'get_collapse_btn_element' is defined but never used  no-unused-vars
  29:10  warning  'hide_all_steps' is defined but never used            no-unused-vars
  31:9   warning  '$' is not defined                                    no-undef

/home/runner/work/exp-curved-surface-parabola-iitb/exp-curved-surface-parabola-iitb/experiment/simulation/common_libraries/js/ts_components/matrix.js
   27:26  warning  'MathJax' is not defined                                no-undef
   32:7   warning  'Matrix_Without_String' is defined but never used       no-unused-vars
   52:26  warning  'MathJax' is not defined                                no-undef
   56:10  warning  'get_matrix_html' is defined but never used             no-unused-vars
   87:13  warning  'row_html' is assigned a value but never used           no-unused-vars
   99:10  warning  'get_matrix_html_with_title' is defined but never used  no-unused-vars
  131:13  warning  'row_html' is assigned a value but never used           no-unused-vars
  143:10  warning  'convert_2d_to_1d_vector' is defined but never used     no-unused-vars
  156:10  warning  'convert_1d_to_2d_matrix' is defined but never used     no-unused-vars

/home/runner/work/exp-curved-surface-parabola-iitb/exp-curved-surface-parabola-iitb/experiment/simulation/common_libraries/js/ts_components/pannel.js
  8:7  warning  'Pannel' is defined but never used  no-unused-vars

/home/runner/work/exp-curved-surface-parabola-iitb/exp-curved-surface-parabola-iitb/experiment/simulation/common_libraries/js/ts_components/questions.js
   6:17  warning  'op1' is assigned a value but never used      no-unused-vars
   7:17  warning  'op2' is assigned a value but never used      no-unused-vars
   8:17  warning  'op3' is assigned a value but never used      no-unused-vars
   9:17  warning  'op4' is assigned a value but never used      no-unused-vars
  94:7   warning  'Question_Options' is defined but never used  no-unused-vars

/home/runner/work/exp-curved-surface-parabola-iitb/exp-curved-surface-parabola-iitb/experiment/simulation/common_libraries/js/ts_components/tables.js
   19:22  warning  'verify_values' is not defined                                     no-undef
  137:22  warning  'verify_values' is not defined                                     no-undef
  260:7   warning  'Verify_Rows_Cols_6_decimal_places' is defined but never used      no-unused-vars
  311:22  warning  'verify_values' is not defined                                     no-undef
  416:7   warning  'Verify_Rows_Cols_Custom_Fixed_Update1' is defined but never used  no-unused-vars
  468:7   warning  'Show_Table_Custom_Fixed' is defined but never used                no-unused-vars
  506:7   warning  'Verify_Rows_Cols_Strings' is defined but never used               no-unused-vars
  527:22  warning  'verify_values' is not defined                                     no-undef
  663:7   warning  'Display_Table' is defined but never used                          no-unused-vars

/home/runner/work/exp-curved-surface-parabola-iitb/exp-curved-surface-parabola-iitb/experiment/simulation/common_libraries/js/ts_math_library/general_math_functions.js
    1:10  warning  'verify_values' is defined but never used                   no-unused-vars
   17:10  warning  'random1' is defined but never used                         no-unused-vars
   21:10  warning  'std_deviation' is defined but never used                   no-unused-vars
   26:10  warning  'gauss' is defined but never used                           no-unused-vars
   56:10  warning  'hide_panel' is defined but never used                      no-unused-vars
   63:10  warning  'inverse_matrix' is defined but never used                  no-unused-vars
   96:10  warning  'matrix_multiplication' is defined but never used           no-unused-vars
  113:10  warning  'transpose_matrix' is defined but never used                no-unused-vars
  123:10  warning  'matrix_multiplication_8decimal' is defined but never used  no-unused-vars
  140:10  warning  'adjoint_2x2_matrix' is defined but never used              no-unused-vars
  145:10  warning  'find_deteminant' is defined but never used                 no-unused-vars
  174:10  warning  'get_Submatrix' is defined but never used                   no-unused-vars

/home/runner/work/exp-curved-surface-parabola-iitb/exp-curved-surface-parabola-iitb/experiment/simulation/common_libraries/js/ts_math_library/regression.js
   1:10  warning  'regression_linear' is defined but never used            no-unused-vars
  18:10  warning  'regression_linear_1variable' is defined but never used  no-unused-vars
  27:10  warning  'regression_linear_2variable' is defined but never used  no-unused-vars
  52:11  warning  'gauss' is not defined                                   no-undef

/home/runner/work/exp-curved-surface-parabola-iitb/exp-curved-surface-parabola-iitb/experiment/simulation/common_libraries/math.ob.js
  1:745  warning  'b' is already defined  no-redeclare

/home/runner/work/exp-curved-surface-parabola-iitb/exp-curved-surface-parabola-iitb/experiment/simulation/js/activity1.js
   19:24   warning  'MathJax' is not defined                no-undef
   22:10   warning  'start_act1' is defined but never used  no-unused-vars
   27:20   warning  'get_collapse_btn_text' is not defined  no-undef
   33:74   warning  'height' is not defined                 no-undef
  118:5    warning  'hide_all_steps' is not defined         no-undef
  119:5    warning  'show_step' is not defined              no-undef
  120:24   warning  'MathJax' is not defined                no-undef
  124:5    warning  'fx' is not defined                     no-undef
  124:24   warning  'height' is not defined                 no-undef
  124:38   warning  'height' is not defined                 no-undef
  125:5    warning  'fy' is not defined                     no-undef
  125:51   warning  'height' is not defined                 no-undef
  126:5    warning  'resultant' is not defined              no-undef
  126:37   warning  'fx' is not defined                     no-undef
  126:57   warning  'fy' is not defined                     no-undef
  127:5    warning  'theta' is not defined                  no-undef
  127:24   warning  'fy' is not defined                     no-undef
  127:28   warning  'fx' is not defined                     no-undef
  129:10   warning  'verify_a1' is defined but never used   no-unused-vars
  131:29   warning  'height' is not defined                 no-undef
  131:50   warning  'fx' is not defined                     no-undef
  131:63   warning  'fy' is not defined                     no-undef
  131:83   warning  'resultant' is not defined              no-undef
  131:106  warning  'theta' is not defined                  no-undef
  142:10   warning  'verify_values' is not defined          no-undef
  142:48   warning  'height' is not defined                 no-undef
  146:10   warning  'verify_values' is not defined          no-undef
  146:48   warning  'fx' is not defined                     no-undef
  150:10   warning  'verify_values' is not defined          no-undef
  150:48   warning  'fy' is not defined                     no-undef
  154:10   warning  'verify_values' is not defined          no-undef
  154:48   warning  'resultant' is not defined              no-undef
  158:10   warning  'verify_values' is not defined          no-undef
  158:48   warning  'theta' is not defined                  no-undef
  164:25   warning  'height' is not defined                 no-undef
  166:25   warning  'fx' is not defined                     no-undef
  168:24   warning  'fy' is not defined                     no-undef
  170:24   warning  'resultant' is not defined              no-undef
  172:24   warning  'theta' is not defined                  no-undef

/home/runner/work/exp-curved-surface-parabola-iitb/exp-curved-surface-parabola-iitb/experiment/simulation/js/activity2.js
   1:10  warning  'activity2' is defined but never used   no-unused-vars
  16:5   warning  'maindiv' is not defined                no-undef
  17:24  warning  'MathJax' is not defined                no-undef
  20:10  warning  'start_act2' is defined but never used  no-unused-vars
  25:20  warning  'get_collapse_btn_text' is not defined  no-undef
  57:5   warning  'maindiv' is not defined                no-undef
  58:5   warning  'show_step' is not defined              no-undef
  60:24  warning  'MathJax' is not defined                no-undef
  63:5   warning  'Ig' is not defined                     no-undef
  63:11  warning  'width' is not defined                  no-undef
  63:29  warning  'depth' is not defined                  no-undef
  64:5   warning  'h_star' is not defined                 no-undef
  64:16  warning  'Ig' is not defined                     no-undef
  64:58  warning  'angle' is not defined                  no-undef
  64:74  warning  'A' is not defined                      no-undef
  64:78  warning  'h_bar' is not defined                  no-undef
  64:88  warning  'h_bar' is not defined                  no-undef
  66:10  warning  'verify_a2' is defined but never used   no-unused-vars
  68:26  warning  'Ig' is not defined                     no-undef
  68:43  warning  'h_star' is not defined                 no-undef
  73:10  warning  'verify_values' is not defined          no-undef
  73:47  warning  'Ig' is not defined                     no-undef
  77:10  warning  'verify_values' is not defined          no-undef
  77:48  warning  'h_star' is not defined                 no-undef
  83:23  warning  'Ig' is not defined                     no-undef
  85:24  warning  'h_star' is not defined                 no-undef

/home/runner/work/exp-curved-surface-parabola-iitb/exp-curved-surface-parabola-iitb/experiment/simulation/js/data.js
   4:5  warning  'dP' is assigned a value but never used               no-unused-vars
   5:5  warning  'diff_pressure' is assigned a value but never used    no-unused-vars
   6:5  warning  'bulk_modulus' is assigned a value but never used     no-unused-vars
   7:5  warning  'compressibility' is assigned a value but never used  no-unused-vars
   8:5  warning  'height' is assigned a value but never used           no-unused-vars
   9:5  warning  'width' is assigned a value but never used            no-unused-vars
  10:5  warning  'depth' is assigned a value but never used            no-unused-vars
  11:5  warning  'angle' is assigned a value but never used            no-unused-vars
  12:5  warning  'h' is assigned a value but never used                no-unused-vars
  13:5  warning  'h_bar' is assigned a value but never used            no-unused-vars
  14:5  warning  'A' is assigned a value but never used                no-unused-vars
  15:5  warning  'F' is assigned a value but never used                no-unused-vars
  16:5  warning  'Ig' is assigned a value but never used               no-unused-vars
  17:5  warning  'h_star' is assigned a value but never used           no-unused-vars
  18:5  warning  'fx' is assigned a value but never used               no-unused-vars
  19:5  warning  'fy' is assigned a value but never used               no-unused-vars
  20:5  warning  'resultant' is assigned a value but never used        no-unused-vars
  21:5  warning  'theta' is assigned a value but never used            no-unused-vars

/home/runner/work/exp-curved-surface-parabola-iitb/exp-curved-surface-parabola-iitb/experiment/simulation/js/gauss_ele.js
  42:10  warning  'gauss_ele' is defined but never used  no-unused-vars

/home/runner/work/exp-curved-surface-parabola-iitb/exp-curved-surface-parabola-iitb/experiment/simulation/js/screen_size.js
  1:10  warning  'set_screen_size' is defined but never used  no-unused-vars

/home/runner/work/exp-curved-surface-parabola-iitb/exp-curved-surface-parabola-iitb/experiment/simulation/js/trap.js
   4:10  warning  'generate_data' is defined but never used  no-unused-vars
  13:10  warning  'trap' is defined but never used           no-unused-vars
  21:10  warning  'sim1by3' is defined but never used        no-unused-vars
  29:10  warning  'sim3by8' is defined but never used        no-unused-vars

✖ 140 problems (0 errors, 140 warnings)

